{"uuid":"8cb6a4b2-3333-4544-9565-e8b76f5eaa02","historyId":"c2f745944cf1b6dc75de75e2b3695d56","testCaseId":"25cb077f15c5acd55fa1fc966311ed1b","fullName":"src/test/resources/com/tests/features/Login.feature:6","labels":[{"name":"host","value":"PC-Ghar"},{"name":"thread","value":"46236@PC-Ghar.TestNG-test=CucumberTest-1(31)"},{"name":"feature","value":"Login functionality"},{"name":"story","value":"Login to salesforce"},{"name":"suite","value":"Login functionality"},{"name":"testClass","value":"Login to salesforce"},{"name":"framework","value":"cucumber4jvm"},{"name":"language","value":"java"},{"name":"gherkin_uri","value":"file:///C:/Users/richa/IdeaProjects/selenium-java/src/test/resources/com/tests/features/Login.feature"},{"name":"package","value":"src.test.resources.com.tests.features.Login_feature.Login functionality"}],"links":[],"name":"Login to salesforce","status":"failed","statusDetails":{"known":false,"muted":false,"flaky":false,"message":"expected [] but found [[null]]","trace":"java.lang.AssertionError: expected [] but found [[null]]\r\n\tat org.testng.Assert.fail(Assert.java:111)\r\n\tat org.testng.Assert.failNotEquals(Assert.java:1578)\r\n\tat org.testng.Assert.assertEqualsImpl(Assert.java:150)\r\n\tat org.testng.Assert.assertEquals(Assert.java:132)\r\n\tat org.testng.Assert.assertEquals(Assert.java:656)\r\n\tat org.testng.Assert.assertEquals(Assert.java:666)\r\n\tat com.tests.stepDefinitions.HomeSteps.I_search_for(HomeSteps.java:69)\r\n\tat ✽.I search for same \"CaseId\"(file:///C:/Users/richa/IdeaProjects/selenium-java/src/test/resources/com/tests/features/Login.feature:11)\r\n"},"stage":"finished","steps":[{"name":"Given I am on homepage of salesforce \"qa\"","status":"passed","statusDetails":{"known":false,"muted":false,"flaky":false},"stage":"finished","steps":[],"attachments":[],"parameters":[],"start":1753357478949,"stop":1753357496573},{"name":"When I create a new case with subject \"Test\" and description \"abc\"","status":"passed","statusDetails":{"known":false,"muted":false,"flaky":false},"stage":"finished","steps":[],"attachments":[],"parameters":[],"start":1753357496574,"stop":1753357516386},{"name":"Then The case should be created successfully","status":"passed","statusDetails":{"known":false,"muted":false,"flaky":false},"stage":"finished","steps":[],"attachments":[],"parameters":[],"start":1753357516386,"stop":1753357516388},{"name":"And I navigate to \"Cases\" tab","status":"passed","statusDetails":{"known":false,"muted":false,"flaky":false},"stage":"finished","steps":[],"attachments":[],"parameters":[],"start":1753357516388,"stop":1753357516641},{"name":"Then I search for same \"CaseId\"","status":"failed","statusDetails":{"known":false,"muted":false,"flaky":false,"message":"expected [] but found [[null]]","trace":"java.lang.AssertionError: expected [] but found [[null]]\r\n\tat org.testng.Assert.fail(Assert.java:111)\r\n\tat org.testng.Assert.failNotEquals(Assert.java:1578)\r\n\tat org.testng.Assert.assertEqualsImpl(Assert.java:150)\r\n\tat org.testng.Assert.assertEquals(Assert.java:132)\r\n\tat org.testng.Assert.assertEquals(Assert.java:656)\r\n\tat org.testng.Assert.assertEquals(Assert.java:666)\r\n\tat com.tests.stepDefinitions.HomeSteps.I_search_for(HomeSteps.java:69)\r\n\tat ✽.I search for same \"CaseId\"(file:///C:/Users/richa/IdeaProjects/selenium-java/src/test/resources/com/tests/features/Login.feature:11)\r\n"},"stage":"finished","steps":[],"attachments":[],"parameters":[],"start":1753357516641,"stop":1753357518766}],"attachments":[],"parameters":[],"start":1753357469528,"stop":1753357519345}